<html>
<head>
<title>TestNG:  Surefire test</title>
<link href="../testng.css" rel="stylesheet" type="text/css" />
<link href="../my-testng.css" rel="stylesheet" type="text/css" />

<style type="text/css">
.log { display: none;} 
.stack-trace { display: none;} 
</style>
<script type="text/javascript">
<!--
function flip(e) {
  current = e.style.display;
  if (current == 'block') {
    e.style.display = 'none';
    return 0;
  }
  else {
    e.style.display = 'block';
    return 1;
  }
}

function toggleBox(szDivId, elem, msg1, msg2)
{
  var res = -1;  if (document.getElementById) {
    res = flip(document.getElementById(szDivId));
  }
  else if (document.all) {
    // this is the way old msie versions work
    res = flip(document.all[szDivId]);
  }
  if(elem) {
    if(res == 0) elem.innerHTML = msg1; else elem.innerHTML = msg2;
  }

}

function toggleAllBoxes() {
  if (document.getElementsByTagName) {
    d = document.getElementsByTagName('div');
    for (i = 0; i < d.length; i++) {
      if (d[i].className == 'log') {
        flip(d[i]);
      }
    }
  }
}

// -->
</script>

</head>
<body>
<h2 align='center'>Surefire test</h2><table border='1' align="center">
<tr>
<td>Tests passed/Failed/Skipped:</td><td>0/0/8</td>
</tr><tr>
<td>Started on:</td><td>Thu Oct 03 14:51:41 CST 2024</td>
</tr>
<tr><td>Total time:</td><td>2 seconds (2255 ms)</td>
</tr><tr>
<td>Included groups:</td><td></td>
</tr><tr>
<td>Excluded groups:</td><td></td>
</tr>
</table><p/>
<small><i>(Hover the method name to see the test class name)</i></small><p/>
<table width='100%' border='1' class='invocation-failed'>
<tr><td colspan='4' align='center'><b>FAILED CONFIGURATIONS</b></td></tr>
<tr><td><b>Test method</b></td>
<td><b>Attribute(s)</b></td>
<td width="30%"><b>Exception</b></td>
<td width="10%"><b>Time (seconds)</b></td>
<td><b>Instance</b></td>
</tr>
<tr>
<td title='selfhealinglocators.Tests.setUp()'><b>setUp</b><br>Test class: selfhealinglocators.Tests<br>Parameters: ChromeTestRigor</td>
<td><div><pre>java.lang.NoClassDefFoundError: com/testrigor/selfhealingselenium/infrastructure/adapters/TestrigorAdapter
	at com.testrigor.selfhealingselenium.TestRigor.create(TestRigor.java:18)
	at com.testrigor.selfhealingselenium.TestRigor.selfHeal(TestRigor.java:14)
	at selfhealinglocators.DriverManager.GetWebDriver(DriverManager.java:37)
	at selfhealinglocators.Tests.setUp(Tests.java:23)
	at java.base/java.util.ArrayList.forEach(ArrayList.java:1597)
Caused by: java.lang.ClassNotFoundException: com.testrigor.selfhealingselenium.infrastructure.adapters.TestrigorAdapter
	at java.base/jdk.internal.loader.BuiltinClassLoader.loadClass(BuiltinClassLoader.java:641)
	at java.base/jdk.internal.loader.ClassLoaders$AppClassLoader.loadClass(ClassLoaders.java:188)
	at java.base/java.lang.ClassLoader.loadClass(ClassLoader.java:528)
	... 39 more
... Removed 34 stack frames</pre></div><a href='#' onClick='toggleBox("stack-trace1321530272", this, "Click to show all stack frames", "Click to hide stack frames")'>Click to show all stack frames</a>
<div class='stack-trace' id='stack-trace1321530272'><pre>java.lang.NoClassDefFoundError: com/testrigor/selfhealingselenium/infrastructure/adapters/TestrigorAdapter
	at com.testrigor.selfhealingselenium.TestRigor.create(TestRigor.java:18)
	at com.testrigor.selfhealingselenium.TestRigor.selfHeal(TestRigor.java:14)
	at selfhealinglocators.DriverManager.GetWebDriver(DriverManager.java:37)
	at selfhealinglocators.Tests.setUp(Tests.java:23)
	at java.base/jdk.internal.reflect.DirectMethodHandleAccessor.invoke(DirectMethodHandleAccessor.java:103)
	at java.base/java.lang.reflect.Method.invoke(Method.java:580)
	at org.testng.internal.invokers.MethodInvocationHelper.invokeMethod(MethodInvocationHelper.java:141)
	at org.testng.internal.invokers.MethodInvocationHelper.invokeMethodConsideringTimeout(MethodInvocationHelper.java:71)
	at org.testng.internal.invokers.ConfigInvoker.invokeConfigurationMethod(ConfigInvoker.java:400)
	at org.testng.internal.invokers.ConfigInvoker.invokeConfigurations(ConfigInvoker.java:333)
	at org.testng.internal.invokers.TestInvoker.runConfigMethods(TestInvoker.java:833)
	at org.testng.internal.invokers.TestInvoker.invokeMethod(TestInvoker.java:600)
	at org.testng.internal.invokers.TestInvoker.invokeTestMethod(TestInvoker.java:230)
	at org.testng.internal.invokers.MethodRunner.runInSequence(MethodRunner.java:63)
	at org.testng.internal.invokers.TestInvoker$MethodInvocationAgent.invoke(TestInvoker.java:992)
	at org.testng.internal.invokers.TestInvoker.invokeTestMethods(TestInvoker.java:203)
	at org.testng.internal.invokers.TestMethodWorker.invokeTestMethods(TestMethodWorker.java:154)
	at org.testng.internal.invokers.TestMethodWorker.run(TestMethodWorker.java:134)
	at java.base/java.util.ArrayList.forEach(ArrayList.java:1597)
	at org.testng.TestRunner.privateRun(TestRunner.java:739)
	at org.testng.TestRunner.run(TestRunner.java:614)
	at org.testng.SuiteRunner.runTest(SuiteRunner.java:421)
	at org.testng.SuiteRunner.runSequentially(SuiteRunner.java:413)
	at org.testng.SuiteRunner.privateRun(SuiteRunner.java:373)
	at org.testng.SuiteRunner.run(SuiteRunner.java:312)
	at org.testng.SuiteRunnerWorker.runSuite(SuiteRunnerWorker.java:52)
	at org.testng.SuiteRunnerWorker.run(SuiteRunnerWorker.java:95)
	at org.testng.TestNG.runSuitesSequentially(TestNG.java:1274)
	at org.testng.TestNG.runSuitesLocally(TestNG.java:1208)
	at org.testng.TestNG.runSuites(TestNG.java:1112)
	at org.testng.TestNG.run(TestNG.java:1079)
	at org.apache.maven.surefire.testng.TestNGExecutor.run(TestNGExecutor.java:135)
	at org.apache.maven.surefire.testng.TestNGDirectoryTestSuite.executeMulti(TestNGDirectoryTestSuite.java:193)
	at org.apache.maven.surefire.testng.TestNGDirectoryTestSuite.execute(TestNGDirectoryTestSuite.java:94)
	at org.apache.maven.surefire.testng.TestNGProvider.invoke(TestNGProvider.java:146)
	at org.apache.maven.surefire.booter.ForkedBooter.invokeProviderInSameClassLoader(ForkedBooter.java:383)
	at org.apache.maven.surefire.booter.ForkedBooter.runSuitesInProcess(ForkedBooter.java:344)
	at org.apache.maven.surefire.booter.ForkedBooter.execute(ForkedBooter.java:125)
	at org.apache.maven.surefire.booter.ForkedBooter.main(ForkedBooter.java:417)
Caused by: java.lang.ClassNotFoundException: com.testrigor.selfhealingselenium.infrastructure.adapters.TestrigorAdapter
	at java.base/jdk.internal.loader.BuiltinClassLoader.loadClass(BuiltinClassLoader.java:641)
	at java.base/jdk.internal.loader.ClassLoaders$AppClassLoader.loadClass(ClassLoaders.java:188)
	at java.base/java.lang.ClassLoader.loadClass(ClassLoader.java:528)
	... 39 more
</pre></div></td>
<td>2</td>
<td>selfhealinglocators.Tests@65d6b83b</td></tr>
</table><p>
<table width='100%' border='1' class='invocation-skipped'>
<tr><td colspan='4' align='center'><b>SKIPPED CONFIGURATIONS</b></td></tr>
<tr><td><b>Test method</b></td>
<td><b>Attribute(s)</b></td>
<td width="30%"><b>Exception</b></td>
<td width="10%"><b>Time (seconds)</b></td>
<td><b>Instance</b></td>
</tr>
<tr>
<td title='selfhealinglocators.Tests.setUp()'><b>setUp</b><br>Test class: selfhealinglocators.Tests</td>
<td></td>
<td>0</td>
<td>selfhealinglocators.Tests@65d6b83b</td></tr>
<tr>
<td title='selfhealinglocators.Tests.tearDown()'><b>tearDown</b><br>Test class: selfhealinglocators.Tests</td>
<td></td>
<td>0</td>
<td>selfhealinglocators.Tests@65d6b83b</td></tr>
<tr>
<td title='selfhealinglocators.Tests.setUp()'><b>setUp</b><br>Test class: selfhealinglocators.Tests</td>
<td></td>
<td>0</td>
<td>selfhealinglocators.Tests@65d6b83b</td></tr>
<tr>
<td title='selfhealinglocators.Tests.tearDown()'><b>tearDown</b><br>Test class: selfhealinglocators.Tests</td>
<td></td>
<td>0</td>
<td>selfhealinglocators.Tests@65d6b83b</td></tr>
<tr>
<td title='selfhealinglocators.Tests.tearDown()'><b>tearDown</b><br>Test class: selfhealinglocators.Tests</td>
<td></td>
<td>0</td>
<td>selfhealinglocators.Tests@65d6b83b</td></tr>
<tr>
<td title='selfhealinglocators.Tests.tearDown()'><b>tearDown</b><br>Test class: selfhealinglocators.Tests</td>
<td></td>
<td>0</td>
<td>selfhealinglocators.Tests@65d6b83b</td></tr>
<tr>
<td title='selfhealinglocators.Tests.tearDown()'><b>tearDown</b><br>Test class: selfhealinglocators.Tests</td>
<td></td>
<td>0</td>
<td>selfhealinglocators.Tests@65d6b83b</td></tr>
<tr>
<td title='selfhealinglocators.Tests.tearDown()'><b>tearDown</b><br>Test class: selfhealinglocators.Tests</td>
<td></td>
<td>0</td>
<td>selfhealinglocators.Tests@65d6b83b</td></tr>
<tr>
<td title='selfhealinglocators.Tests.setUp()'><b>setUp</b><br>Test class: selfhealinglocators.Tests</td>
<td></td>
<td>0</td>
<td>selfhealinglocators.Tests@65d6b83b</td></tr>
<tr>
<td title='selfhealinglocators.Tests.setUp()'><b>setUp</b><br>Test class: selfhealinglocators.Tests</td>
<td></td>
<td>0</td>
<td>selfhealinglocators.Tests@65d6b83b</td></tr>
<tr>
<td title='selfhealinglocators.Tests.setUp()'><b>setUp</b><br>Test class: selfhealinglocators.Tests</td>
<td></td>
<td>0</td>
<td>selfhealinglocators.Tests@65d6b83b</td></tr>
<tr>
<td title='selfhealinglocators.Tests.tearDown()'><b>tearDown</b><br>Test class: selfhealinglocators.Tests</td>
<td></td>
<td>0</td>
<td>selfhealinglocators.Tests@65d6b83b</td></tr>
<tr>
<td title='selfhealinglocators.Tests.setUp()'><b>setUp</b><br>Test class: selfhealinglocators.Tests</td>
<td></td>
<td>0</td>
<td>selfhealinglocators.Tests@65d6b83b</td></tr>
<tr>
<td title='selfhealinglocators.Tests.tearDown()'><b>tearDown</b><br>Test class: selfhealinglocators.Tests</td>
<td></td>
<td>0</td>
<td>selfhealinglocators.Tests@65d6b83b</td></tr>
<tr>
<td title='selfhealinglocators.Tests.setUp()'><b>setUp</b><br>Test class: selfhealinglocators.Tests</td>
<td></td>
<td>0</td>
<td>selfhealinglocators.Tests@65d6b83b</td></tr>
</table><p>
<table width='100%' border='1' class='invocation-skipped'>
<tr><td colspan='4' align='center'><b>SKIPPED TESTS</b></td></tr>
<tr><td><b>Test method</b></td>
<td><b>Attribute(s)</b></td>
<td width="30%"><b>Exception</b></td>
<td width="10%"><b>Time (seconds)</b></td>
<td><b>Instance</b></td>
</tr>
<tr>
<td title='selfhealinglocators.Tests.FormTest()'><b>FormTest</b><br>Test class: selfhealinglocators.Tests<br>Parameters: https://juanfonsecagl.github.io/SelfHealingLocatorsDemo/demo-site/form-button-label.html, //input[@placeholder='Enter some text'], //button[@id='changer'], broken</td>
<td><div><pre>java.lang.NoClassDefFoundError: com/testrigor/selfhealingselenium/infrastructure/adapters/TestrigorAdapter
	at com.testrigor.selfhealingselenium.TestRigor.create(TestRigor.java:18)
	at com.testrigor.selfhealingselenium.TestRigor.selfHeal(TestRigor.java:14)
	at selfhealinglocators.DriverManager.GetWebDriver(DriverManager.java:37)
	at selfhealinglocators.Tests.setUp(Tests.java:23)
	at java.base/java.util.ArrayList.forEach(ArrayList.java:1597)
Caused by: java.lang.ClassNotFoundException: com.testrigor.selfhealingselenium.infrastructure.adapters.TestrigorAdapter
	at java.base/jdk.internal.loader.BuiltinClassLoader.loadClass(BuiltinClassLoader.java:641)
	at java.base/jdk.internal.loader.ClassLoaders$AppClassLoader.loadClass(ClassLoaders.java:188)
	at java.base/java.lang.ClassLoader.loadClass(ClassLoader.java:528)
	... 39 more
... Removed 34 stack frames</pre></div><a href='#' onClick='toggleBox("stack-trace1544078442", this, "Click to show all stack frames", "Click to hide stack frames")'>Click to show all stack frames</a>
<div class='stack-trace' id='stack-trace1544078442'><pre>java.lang.NoClassDefFoundError: com/testrigor/selfhealingselenium/infrastructure/adapters/TestrigorAdapter
	at com.testrigor.selfhealingselenium.TestRigor.create(TestRigor.java:18)
	at com.testrigor.selfhealingselenium.TestRigor.selfHeal(TestRigor.java:14)
	at selfhealinglocators.DriverManager.GetWebDriver(DriverManager.java:37)
	at selfhealinglocators.Tests.setUp(Tests.java:23)
	at java.base/jdk.internal.reflect.DirectMethodHandleAccessor.invoke(DirectMethodHandleAccessor.java:103)
	at java.base/java.lang.reflect.Method.invoke(Method.java:580)
	at org.testng.internal.invokers.MethodInvocationHelper.invokeMethod(MethodInvocationHelper.java:141)
	at org.testng.internal.invokers.MethodInvocationHelper.invokeMethodConsideringTimeout(MethodInvocationHelper.java:71)
	at org.testng.internal.invokers.ConfigInvoker.invokeConfigurationMethod(ConfigInvoker.java:400)
	at org.testng.internal.invokers.ConfigInvoker.invokeConfigurations(ConfigInvoker.java:333)
	at org.testng.internal.invokers.TestInvoker.runConfigMethods(TestInvoker.java:833)
	at org.testng.internal.invokers.TestInvoker.invokeMethod(TestInvoker.java:600)
	at org.testng.internal.invokers.TestInvoker.invokeTestMethod(TestInvoker.java:230)
	at org.testng.internal.invokers.MethodRunner.runInSequence(MethodRunner.java:63)
	at org.testng.internal.invokers.TestInvoker$MethodInvocationAgent.invoke(TestInvoker.java:992)
	at org.testng.internal.invokers.TestInvoker.invokeTestMethods(TestInvoker.java:203)
	at org.testng.internal.invokers.TestMethodWorker.invokeTestMethods(TestMethodWorker.java:154)
	at org.testng.internal.invokers.TestMethodWorker.run(TestMethodWorker.java:134)
	at java.base/java.util.ArrayList.forEach(ArrayList.java:1597)
	at org.testng.TestRunner.privateRun(TestRunner.java:739)
	at org.testng.TestRunner.run(TestRunner.java:614)
	at org.testng.SuiteRunner.runTest(SuiteRunner.java:421)
	at org.testng.SuiteRunner.runSequentially(SuiteRunner.java:413)
	at org.testng.SuiteRunner.privateRun(SuiteRunner.java:373)
	at org.testng.SuiteRunner.run(SuiteRunner.java:312)
	at org.testng.SuiteRunnerWorker.runSuite(SuiteRunnerWorker.java:52)
	at org.testng.SuiteRunnerWorker.run(SuiteRunnerWorker.java:95)
	at org.testng.TestNG.runSuitesSequentially(TestNG.java:1274)
	at org.testng.TestNG.runSuitesLocally(TestNG.java:1208)
	at org.testng.TestNG.runSuites(TestNG.java:1112)
	at org.testng.TestNG.run(TestNG.java:1079)
	at org.apache.maven.surefire.testng.TestNGExecutor.run(TestNGExecutor.java:135)
	at org.apache.maven.surefire.testng.TestNGDirectoryTestSuite.executeMulti(TestNGDirectoryTestSuite.java:193)
	at org.apache.maven.surefire.testng.TestNGDirectoryTestSuite.execute(TestNGDirectoryTestSuite.java:94)
	at org.apache.maven.surefire.testng.TestNGProvider.invoke(TestNGProvider.java:146)
	at org.apache.maven.surefire.booter.ForkedBooter.invokeProviderInSameClassLoader(ForkedBooter.java:383)
	at org.apache.maven.surefire.booter.ForkedBooter.runSuitesInProcess(ForkedBooter.java:344)
	at org.apache.maven.surefire.booter.ForkedBooter.execute(ForkedBooter.java:125)
	at org.apache.maven.surefire.booter.ForkedBooter.main(ForkedBooter.java:417)
Caused by: java.lang.ClassNotFoundException: com.testrigor.selfhealingselenium.infrastructure.adapters.TestrigorAdapter
	at java.base/jdk.internal.loader.BuiltinClassLoader.loadClass(BuiltinClassLoader.java:641)
	at java.base/jdk.internal.loader.ClassLoaders$AppClassLoader.loadClass(ClassLoaders.java:188)
	at java.base/java.lang.ClassLoader.loadClass(ClassLoader.java:528)
	... 39 more
</pre></div></td>
<td>0</td>
<td>selfhealinglocators.Tests@65d6b83b</td></tr>
<tr>
<td title='selfhealinglocators.Tests.FormTest()'><b>FormTest</b><br>Test class: selfhealinglocators.Tests<br>Parameters: https://juanfonsecagl.github.io/SelfHealingLocatorsDemo/demo-site/form-button-label3.html, //input[@placeholder='Enter some text'], //button[@id='changer'], correct</td>
<td><div><pre>java.lang.NoClassDefFoundError: com/testrigor/selfhealingselenium/infrastructure/adapters/TestrigorAdapter
	at com.testrigor.selfhealingselenium.TestRigor.create(TestRigor.java:18)
	at com.testrigor.selfhealingselenium.TestRigor.selfHeal(TestRigor.java:14)
	at selfhealinglocators.DriverManager.GetWebDriver(DriverManager.java:37)
	at selfhealinglocators.Tests.setUp(Tests.java:23)
	at java.base/java.util.ArrayList.forEach(ArrayList.java:1597)
Caused by: java.lang.ClassNotFoundException: com.testrigor.selfhealingselenium.infrastructure.adapters.TestrigorAdapter
	at java.base/jdk.internal.loader.BuiltinClassLoader.loadClass(BuiltinClassLoader.java:641)
	at java.base/jdk.internal.loader.ClassLoaders$AppClassLoader.loadClass(ClassLoaders.java:188)
	at java.base/java.lang.ClassLoader.loadClass(ClassLoader.java:528)
	... 39 more
... Removed 34 stack frames</pre></div><a href='#' onClick='toggleBox("stack-trace2123222442", this, "Click to show all stack frames", "Click to hide stack frames")'>Click to show all stack frames</a>
<div class='stack-trace' id='stack-trace2123222442'><pre>java.lang.NoClassDefFoundError: com/testrigor/selfhealingselenium/infrastructure/adapters/TestrigorAdapter
	at com.testrigor.selfhealingselenium.TestRigor.create(TestRigor.java:18)
	at com.testrigor.selfhealingselenium.TestRigor.selfHeal(TestRigor.java:14)
	at selfhealinglocators.DriverManager.GetWebDriver(DriverManager.java:37)
	at selfhealinglocators.Tests.setUp(Tests.java:23)
	at java.base/jdk.internal.reflect.DirectMethodHandleAccessor.invoke(DirectMethodHandleAccessor.java:103)
	at java.base/java.lang.reflect.Method.invoke(Method.java:580)
	at org.testng.internal.invokers.MethodInvocationHelper.invokeMethod(MethodInvocationHelper.java:141)
	at org.testng.internal.invokers.MethodInvocationHelper.invokeMethodConsideringTimeout(MethodInvocationHelper.java:71)
	at org.testng.internal.invokers.ConfigInvoker.invokeConfigurationMethod(ConfigInvoker.java:400)
	at org.testng.internal.invokers.ConfigInvoker.invokeConfigurations(ConfigInvoker.java:333)
	at org.testng.internal.invokers.TestInvoker.runConfigMethods(TestInvoker.java:833)
	at org.testng.internal.invokers.TestInvoker.invokeMethod(TestInvoker.java:600)
	at org.testng.internal.invokers.TestInvoker.invokeTestMethod(TestInvoker.java:230)
	at org.testng.internal.invokers.MethodRunner.runInSequence(MethodRunner.java:63)
	at org.testng.internal.invokers.TestInvoker$MethodInvocationAgent.invoke(TestInvoker.java:992)
	at org.testng.internal.invokers.TestInvoker.invokeTestMethods(TestInvoker.java:203)
	at org.testng.internal.invokers.TestMethodWorker.invokeTestMethods(TestMethodWorker.java:154)
	at org.testng.internal.invokers.TestMethodWorker.run(TestMethodWorker.java:134)
	at java.base/java.util.ArrayList.forEach(ArrayList.java:1597)
	at org.testng.TestRunner.privateRun(TestRunner.java:739)
	at org.testng.TestRunner.run(TestRunner.java:614)
	at org.testng.SuiteRunner.runTest(SuiteRunner.java:421)
	at org.testng.SuiteRunner.runSequentially(SuiteRunner.java:413)
	at org.testng.SuiteRunner.privateRun(SuiteRunner.java:373)
	at org.testng.SuiteRunner.run(SuiteRunner.java:312)
	at org.testng.SuiteRunnerWorker.runSuite(SuiteRunnerWorker.java:52)
	at org.testng.SuiteRunnerWorker.run(SuiteRunnerWorker.java:95)
	at org.testng.TestNG.runSuitesSequentially(TestNG.java:1274)
	at org.testng.TestNG.runSuitesLocally(TestNG.java:1208)
	at org.testng.TestNG.runSuites(TestNG.java:1112)
	at org.testng.TestNG.run(TestNG.java:1079)
	at org.apache.maven.surefire.testng.TestNGExecutor.run(TestNGExecutor.java:135)
	at org.apache.maven.surefire.testng.TestNGDirectoryTestSuite.executeMulti(TestNGDirectoryTestSuite.java:193)
	at org.apache.maven.surefire.testng.TestNGDirectoryTestSuite.execute(TestNGDirectoryTestSuite.java:94)
	at org.apache.maven.surefire.testng.TestNGProvider.invoke(TestNGProvider.java:146)
	at org.apache.maven.surefire.booter.ForkedBooter.invokeProviderInSameClassLoader(ForkedBooter.java:383)
	at org.apache.maven.surefire.booter.ForkedBooter.runSuitesInProcess(ForkedBooter.java:344)
	at org.apache.maven.surefire.booter.ForkedBooter.execute(ForkedBooter.java:125)
	at org.apache.maven.surefire.booter.ForkedBooter.main(ForkedBooter.java:417)
Caused by: java.lang.ClassNotFoundException: com.testrigor.selfhealingselenium.infrastructure.adapters.TestrigorAdapter
	at java.base/jdk.internal.loader.BuiltinClassLoader.loadClass(BuiltinClassLoader.java:641)
	at java.base/jdk.internal.loader.ClassLoaders$AppClassLoader.loadClass(ClassLoaders.java:188)
	at java.base/java.lang.ClassLoader.loadClass(ClassLoader.java:528)
	... 39 more
</pre></div></td>
<td>0</td>
<td>selfhealinglocators.Tests@65d6b83b</td></tr>
<tr>
<td title='selfhealinglocators.Tests.FormTest()'><b>FormTest</b><br>Test class: selfhealinglocators.Tests<br>Parameters: https://juanfonsecagl.github.io/SelfHealingLocatorsDemo/demo-site/form-button-label2.html, //input[@id='messageNew'], //a[@id='pusher'], correct</td>
<td><div><pre>java.lang.NoClassDefFoundError: com/testrigor/selfhealingselenium/infrastructure/adapters/TestrigorAdapter
	at com.testrigor.selfhealingselenium.TestRigor.create(TestRigor.java:18)
	at com.testrigor.selfhealingselenium.TestRigor.selfHeal(TestRigor.java:14)
	at selfhealinglocators.DriverManager.GetWebDriver(DriverManager.java:37)
	at selfhealinglocators.Tests.setUp(Tests.java:23)
	at java.base/java.util.ArrayList.forEach(ArrayList.java:1597)
Caused by: java.lang.ClassNotFoundException: com.testrigor.selfhealingselenium.infrastructure.adapters.TestrigorAdapter
	at java.base/jdk.internal.loader.BuiltinClassLoader.loadClass(BuiltinClassLoader.java:641)
	at java.base/jdk.internal.loader.ClassLoaders$AppClassLoader.loadClass(ClassLoaders.java:188)
	at java.base/java.lang.ClassLoader.loadClass(ClassLoader.java:528)
	... 39 more
... Removed 34 stack frames</pre></div><a href='#' onClick='toggleBox("stack-trace1088417975", this, "Click to show all stack frames", "Click to hide stack frames")'>Click to show all stack frames</a>
<div class='stack-trace' id='stack-trace1088417975'><pre>java.lang.NoClassDefFoundError: com/testrigor/selfhealingselenium/infrastructure/adapters/TestrigorAdapter
	at com.testrigor.selfhealingselenium.TestRigor.create(TestRigor.java:18)
	at com.testrigor.selfhealingselenium.TestRigor.selfHeal(TestRigor.java:14)
	at selfhealinglocators.DriverManager.GetWebDriver(DriverManager.java:37)
	at selfhealinglocators.Tests.setUp(Tests.java:23)
	at java.base/jdk.internal.reflect.DirectMethodHandleAccessor.invoke(DirectMethodHandleAccessor.java:103)
	at java.base/java.lang.reflect.Method.invoke(Method.java:580)
	at org.testng.internal.invokers.MethodInvocationHelper.invokeMethod(MethodInvocationHelper.java:141)
	at org.testng.internal.invokers.MethodInvocationHelper.invokeMethodConsideringTimeout(MethodInvocationHelper.java:71)
	at org.testng.internal.invokers.ConfigInvoker.invokeConfigurationMethod(ConfigInvoker.java:400)
	at org.testng.internal.invokers.ConfigInvoker.invokeConfigurations(ConfigInvoker.java:333)
	at org.testng.internal.invokers.TestInvoker.runConfigMethods(TestInvoker.java:833)
	at org.testng.internal.invokers.TestInvoker.invokeMethod(TestInvoker.java:600)
	at org.testng.internal.invokers.TestInvoker.invokeTestMethod(TestInvoker.java:230)
	at org.testng.internal.invokers.MethodRunner.runInSequence(MethodRunner.java:63)
	at org.testng.internal.invokers.TestInvoker$MethodInvocationAgent.invoke(TestInvoker.java:992)
	at org.testng.internal.invokers.TestInvoker.invokeTestMethods(TestInvoker.java:203)
	at org.testng.internal.invokers.TestMethodWorker.invokeTestMethods(TestMethodWorker.java:154)
	at org.testng.internal.invokers.TestMethodWorker.run(TestMethodWorker.java:134)
	at java.base/java.util.ArrayList.forEach(ArrayList.java:1597)
	at org.testng.TestRunner.privateRun(TestRunner.java:739)
	at org.testng.TestRunner.run(TestRunner.java:614)
	at org.testng.SuiteRunner.runTest(SuiteRunner.java:421)
	at org.testng.SuiteRunner.runSequentially(SuiteRunner.java:413)
	at org.testng.SuiteRunner.privateRun(SuiteRunner.java:373)
	at org.testng.SuiteRunner.run(SuiteRunner.java:312)
	at org.testng.SuiteRunnerWorker.runSuite(SuiteRunnerWorker.java:52)
	at org.testng.SuiteRunnerWorker.run(SuiteRunnerWorker.java:95)
	at org.testng.TestNG.runSuitesSequentially(TestNG.java:1274)
	at org.testng.TestNG.runSuitesLocally(TestNG.java:1208)
	at org.testng.TestNG.runSuites(TestNG.java:1112)
	at org.testng.TestNG.run(TestNG.java:1079)
	at org.apache.maven.surefire.testng.TestNGExecutor.run(TestNGExecutor.java:135)
	at org.apache.maven.surefire.testng.TestNGDirectoryTestSuite.executeMulti(TestNGDirectoryTestSuite.java:193)
	at org.apache.maven.surefire.testng.TestNGDirectoryTestSuite.execute(TestNGDirectoryTestSuite.java:94)
	at org.apache.maven.surefire.testng.TestNGProvider.invoke(TestNGProvider.java:146)
	at org.apache.maven.surefire.booter.ForkedBooter.invokeProviderInSameClassLoader(ForkedBooter.java:383)
	at org.apache.maven.surefire.booter.ForkedBooter.runSuitesInProcess(ForkedBooter.java:344)
	at org.apache.maven.surefire.booter.ForkedBooter.execute(ForkedBooter.java:125)
	at org.apache.maven.surefire.booter.ForkedBooter.main(ForkedBooter.java:417)
Caused by: java.lang.ClassNotFoundException: com.testrigor.selfhealingselenium.infrastructure.adapters.TestrigorAdapter
	at java.base/jdk.internal.loader.BuiltinClassLoader.loadClass(BuiltinClassLoader.java:641)
	at java.base/jdk.internal.loader.ClassLoaders$AppClassLoader.loadClass(ClassLoaders.java:188)
	at java.base/java.lang.ClassLoader.loadClass(ClassLoader.java:528)
	... 39 more
</pre></div></td>
<td>0</td>
<td>selfhealinglocators.Tests@65d6b83b</td></tr>
<tr>
<td title='selfhealinglocators.Tests.FormTest()'><b>FormTest</b><br>Test class: selfhealinglocators.Tests<br>Parameters: https://juanfonsecagl.github.io/SelfHealingLocatorsDemo/demo-site/form-button-label.html, //input[@id='messageNew'], //a[@id='pusher'], broken</td>
<td><div><pre>java.lang.NoClassDefFoundError: com/testrigor/selfhealingselenium/infrastructure/adapters/TestrigorAdapter
	at com.testrigor.selfhealingselenium.TestRigor.create(TestRigor.java:18)
	at com.testrigor.selfhealingselenium.TestRigor.selfHeal(TestRigor.java:14)
	at selfhealinglocators.DriverManager.GetWebDriver(DriverManager.java:37)
	at selfhealinglocators.Tests.setUp(Tests.java:23)
	at java.base/java.util.ArrayList.forEach(ArrayList.java:1597)
Caused by: java.lang.ClassNotFoundException: com.testrigor.selfhealingselenium.infrastructure.adapters.TestrigorAdapter
	at java.base/jdk.internal.loader.BuiltinClassLoader.loadClass(BuiltinClassLoader.java:641)
	at java.base/jdk.internal.loader.ClassLoaders$AppClassLoader.loadClass(ClassLoaders.java:188)
	at java.base/java.lang.ClassLoader.loadClass(ClassLoader.java:528)
	... 39 more
... Removed 34 stack frames</pre></div><a href='#' onClick='toggleBox("stack-trace307488715", this, "Click to show all stack frames", "Click to hide stack frames")'>Click to show all stack frames</a>
<div class='stack-trace' id='stack-trace307488715'><pre>java.lang.NoClassDefFoundError: com/testrigor/selfhealingselenium/infrastructure/adapters/TestrigorAdapter
	at com.testrigor.selfhealingselenium.TestRigor.create(TestRigor.java:18)
	at com.testrigor.selfhealingselenium.TestRigor.selfHeal(TestRigor.java:14)
	at selfhealinglocators.DriverManager.GetWebDriver(DriverManager.java:37)
	at selfhealinglocators.Tests.setUp(Tests.java:23)
	at java.base/jdk.internal.reflect.DirectMethodHandleAccessor.invoke(DirectMethodHandleAccessor.java:103)
	at java.base/java.lang.reflect.Method.invoke(Method.java:580)
	at org.testng.internal.invokers.MethodInvocationHelper.invokeMethod(MethodInvocationHelper.java:141)
	at org.testng.internal.invokers.MethodInvocationHelper.invokeMethodConsideringTimeout(MethodInvocationHelper.java:71)
	at org.testng.internal.invokers.ConfigInvoker.invokeConfigurationMethod(ConfigInvoker.java:400)
	at org.testng.internal.invokers.ConfigInvoker.invokeConfigurations(ConfigInvoker.java:333)
	at org.testng.internal.invokers.TestInvoker.runConfigMethods(TestInvoker.java:833)
	at org.testng.internal.invokers.TestInvoker.invokeMethod(TestInvoker.java:600)
	at org.testng.internal.invokers.TestInvoker.invokeTestMethod(TestInvoker.java:230)
	at org.testng.internal.invokers.MethodRunner.runInSequence(MethodRunner.java:63)
	at org.testng.internal.invokers.TestInvoker$MethodInvocationAgent.invoke(TestInvoker.java:992)
	at org.testng.internal.invokers.TestInvoker.invokeTestMethods(TestInvoker.java:203)
	at org.testng.internal.invokers.TestMethodWorker.invokeTestMethods(TestMethodWorker.java:154)
	at org.testng.internal.invokers.TestMethodWorker.run(TestMethodWorker.java:134)
	at java.base/java.util.ArrayList.forEach(ArrayList.java:1597)
	at org.testng.TestRunner.privateRun(TestRunner.java:739)
	at org.testng.TestRunner.run(TestRunner.java:614)
	at org.testng.SuiteRunner.runTest(SuiteRunner.java:421)
	at org.testng.SuiteRunner.runSequentially(SuiteRunner.java:413)
	at org.testng.SuiteRunner.privateRun(SuiteRunner.java:373)
	at org.testng.SuiteRunner.run(SuiteRunner.java:312)
	at org.testng.SuiteRunnerWorker.runSuite(SuiteRunnerWorker.java:52)
	at org.testng.SuiteRunnerWorker.run(SuiteRunnerWorker.java:95)
	at org.testng.TestNG.runSuitesSequentially(TestNG.java:1274)
	at org.testng.TestNG.runSuitesLocally(TestNG.java:1208)
	at org.testng.TestNG.runSuites(TestNG.java:1112)
	at org.testng.TestNG.run(TestNG.java:1079)
	at org.apache.maven.surefire.testng.TestNGExecutor.run(TestNGExecutor.java:135)
	at org.apache.maven.surefire.testng.TestNGDirectoryTestSuite.executeMulti(TestNGDirectoryTestSuite.java:193)
	at org.apache.maven.surefire.testng.TestNGDirectoryTestSuite.execute(TestNGDirectoryTestSuite.java:94)
	at org.apache.maven.surefire.testng.TestNGProvider.invoke(TestNGProvider.java:146)
	at org.apache.maven.surefire.booter.ForkedBooter.invokeProviderInSameClassLoader(ForkedBooter.java:383)
	at org.apache.maven.surefire.booter.ForkedBooter.runSuitesInProcess(ForkedBooter.java:344)
	at org.apache.maven.surefire.booter.ForkedBooter.execute(ForkedBooter.java:125)
	at org.apache.maven.surefire.booter.ForkedBooter.main(ForkedBooter.java:417)
Caused by: java.lang.ClassNotFoundException: com.testrigor.selfhealingselenium.infrastructure.adapters.TestrigorAdapter
	at java.base/jdk.internal.loader.BuiltinClassLoader.loadClass(BuiltinClassLoader.java:641)
	at java.base/jdk.internal.loader.ClassLoaders$AppClassLoader.loadClass(ClassLoaders.java:188)
	at java.base/java.lang.ClassLoader.loadClass(ClassLoader.java:528)
	... 39 more
</pre></div></td>
<td>0</td>
<td>selfhealinglocators.Tests@65d6b83b</td></tr>
<tr>
<td title='selfhealinglocators.Tests.FormTest()'><b>FormTest</b><br>Test class: selfhealinglocators.Tests<br>Parameters: https://juanfonsecagl.github.io/SelfHealingLocatorsDemo/demo-site/form-button-label2.html, //input[@id='messageNew'], //button[@id='changer'], broken</td>
<td><div><pre>java.lang.NoClassDefFoundError: com/testrigor/selfhealingselenium/infrastructure/adapters/TestrigorAdapter
	at com.testrigor.selfhealingselenium.TestRigor.create(TestRigor.java:18)
	at com.testrigor.selfhealingselenium.TestRigor.selfHeal(TestRigor.java:14)
	at selfhealinglocators.DriverManager.GetWebDriver(DriverManager.java:37)
	at selfhealinglocators.Tests.setUp(Tests.java:23)
	at java.base/java.util.ArrayList.forEach(ArrayList.java:1597)
Caused by: java.lang.ClassNotFoundException: com.testrigor.selfhealingselenium.infrastructure.adapters.TestrigorAdapter
	at java.base/jdk.internal.loader.BuiltinClassLoader.loadClass(BuiltinClassLoader.java:641)
	at java.base/jdk.internal.loader.ClassLoaders$AppClassLoader.loadClass(ClassLoaders.java:188)
	at java.base/java.lang.ClassLoader.loadClass(ClassLoader.java:528)
	... 39 more
... Removed 34 stack frames</pre></div><a href='#' onClick='toggleBox("stack-trace990679445", this, "Click to show all stack frames", "Click to hide stack frames")'>Click to show all stack frames</a>
<div class='stack-trace' id='stack-trace990679445'><pre>java.lang.NoClassDefFoundError: com/testrigor/selfhealingselenium/infrastructure/adapters/TestrigorAdapter
	at com.testrigor.selfhealingselenium.TestRigor.create(TestRigor.java:18)
	at com.testrigor.selfhealingselenium.TestRigor.selfHeal(TestRigor.java:14)
	at selfhealinglocators.DriverManager.GetWebDriver(DriverManager.java:37)
	at selfhealinglocators.Tests.setUp(Tests.java:23)
	at java.base/jdk.internal.reflect.DirectMethodHandleAccessor.invoke(DirectMethodHandleAccessor.java:103)
	at java.base/java.lang.reflect.Method.invoke(Method.java:580)
	at org.testng.internal.invokers.MethodInvocationHelper.invokeMethod(MethodInvocationHelper.java:141)
	at org.testng.internal.invokers.MethodInvocationHelper.invokeMethodConsideringTimeout(MethodInvocationHelper.java:71)
	at org.testng.internal.invokers.ConfigInvoker.invokeConfigurationMethod(ConfigInvoker.java:400)
	at org.testng.internal.invokers.ConfigInvoker.invokeConfigurations(ConfigInvoker.java:333)
	at org.testng.internal.invokers.TestInvoker.runConfigMethods(TestInvoker.java:833)
	at org.testng.internal.invokers.TestInvoker.invokeMethod(TestInvoker.java:600)
	at org.testng.internal.invokers.TestInvoker.invokeTestMethod(TestInvoker.java:230)
	at org.testng.internal.invokers.MethodRunner.runInSequence(MethodRunner.java:63)
	at org.testng.internal.invokers.TestInvoker$MethodInvocationAgent.invoke(TestInvoker.java:992)
	at org.testng.internal.invokers.TestInvoker.invokeTestMethods(TestInvoker.java:203)
	at org.testng.internal.invokers.TestMethodWorker.invokeTestMethods(TestMethodWorker.java:154)
	at org.testng.internal.invokers.TestMethodWorker.run(TestMethodWorker.java:134)
	at java.base/java.util.ArrayList.forEach(ArrayList.java:1597)
	at org.testng.TestRunner.privateRun(TestRunner.java:739)
	at org.testng.TestRunner.run(TestRunner.java:614)
	at org.testng.SuiteRunner.runTest(SuiteRunner.java:421)
	at org.testng.SuiteRunner.runSequentially(SuiteRunner.java:413)
	at org.testng.SuiteRunner.privateRun(SuiteRunner.java:373)
	at org.testng.SuiteRunner.run(SuiteRunner.java:312)
	at org.testng.SuiteRunnerWorker.runSuite(SuiteRunnerWorker.java:52)
	at org.testng.SuiteRunnerWorker.run(SuiteRunnerWorker.java:95)
	at org.testng.TestNG.runSuitesSequentially(TestNG.java:1274)
	at org.testng.TestNG.runSuitesLocally(TestNG.java:1208)
	at org.testng.TestNG.runSuites(TestNG.java:1112)
	at org.testng.TestNG.run(TestNG.java:1079)
	at org.apache.maven.surefire.testng.TestNGExecutor.run(TestNGExecutor.java:135)
	at org.apache.maven.surefire.testng.TestNGDirectoryTestSuite.executeMulti(TestNGDirectoryTestSuite.java:193)
	at org.apache.maven.surefire.testng.TestNGDirectoryTestSuite.execute(TestNGDirectoryTestSuite.java:94)
	at org.apache.maven.surefire.testng.TestNGProvider.invoke(TestNGProvider.java:146)
	at org.apache.maven.surefire.booter.ForkedBooter.invokeProviderInSameClassLoader(ForkedBooter.java:383)
	at org.apache.maven.surefire.booter.ForkedBooter.runSuitesInProcess(ForkedBooter.java:344)
	at org.apache.maven.surefire.booter.ForkedBooter.execute(ForkedBooter.java:125)
	at org.apache.maven.surefire.booter.ForkedBooter.main(ForkedBooter.java:417)
Caused by: java.lang.ClassNotFoundException: com.testrigor.selfhealingselenium.infrastructure.adapters.TestrigorAdapter
	at java.base/jdk.internal.loader.BuiltinClassLoader.loadClass(BuiltinClassLoader.java:641)
	at java.base/jdk.internal.loader.ClassLoaders$AppClassLoader.loadClass(ClassLoaders.java:188)
	at java.base/java.lang.ClassLoader.loadClass(ClassLoader.java:528)
	... 39 more
</pre></div></td>
<td>0</td>
<td>selfhealinglocators.Tests@65d6b83b</td></tr>
<tr>
<td title='selfhealinglocators.Tests.FormTest()'><b>FormTest</b><br>Test class: selfhealinglocators.Tests<br>Parameters: https://juanfonsecagl.github.io/SelfHealingLocatorsDemo/demo-site/form-button-label.html, //input[@id='messageNew'], //button[@id='changer'], correct</td>
<td><div><pre>java.lang.NoClassDefFoundError: com/testrigor/selfhealingselenium/infrastructure/adapters/TestrigorAdapter
	at com.testrigor.selfhealingselenium.TestRigor.create(TestRigor.java:18)
	at com.testrigor.selfhealingselenium.TestRigor.selfHeal(TestRigor.java:14)
	at selfhealinglocators.DriverManager.GetWebDriver(DriverManager.java:37)
	at selfhealinglocators.Tests.setUp(Tests.java:23)
	at java.base/java.util.ArrayList.forEach(ArrayList.java:1597)
Caused by: java.lang.ClassNotFoundException: com.testrigor.selfhealingselenium.infrastructure.adapters.TestrigorAdapter
	at java.base/jdk.internal.loader.BuiltinClassLoader.loadClass(BuiltinClassLoader.java:641)
	at java.base/jdk.internal.loader.ClassLoaders$AppClassLoader.loadClass(ClassLoaders.java:188)
	at java.base/java.lang.ClassLoader.loadClass(ClassLoader.java:528)
	... 39 more
... Removed 34 stack frames</pre></div><a href='#' onClick='toggleBox("stack-trace768776793", this, "Click to show all stack frames", "Click to hide stack frames")'>Click to show all stack frames</a>
<div class='stack-trace' id='stack-trace768776793'><pre>java.lang.NoClassDefFoundError: com/testrigor/selfhealingselenium/infrastructure/adapters/TestrigorAdapter
	at com.testrigor.selfhealingselenium.TestRigor.create(TestRigor.java:18)
	at com.testrigor.selfhealingselenium.TestRigor.selfHeal(TestRigor.java:14)
	at selfhealinglocators.DriverManager.GetWebDriver(DriverManager.java:37)
	at selfhealinglocators.Tests.setUp(Tests.java:23)
	at java.base/jdk.internal.reflect.DirectMethodHandleAccessor.invoke(DirectMethodHandleAccessor.java:103)
	at java.base/java.lang.reflect.Method.invoke(Method.java:580)
	at org.testng.internal.invokers.MethodInvocationHelper.invokeMethod(MethodInvocationHelper.java:141)
	at org.testng.internal.invokers.MethodInvocationHelper.invokeMethodConsideringTimeout(MethodInvocationHelper.java:71)
	at org.testng.internal.invokers.ConfigInvoker.invokeConfigurationMethod(ConfigInvoker.java:400)
	at org.testng.internal.invokers.ConfigInvoker.invokeConfigurations(ConfigInvoker.java:333)
	at org.testng.internal.invokers.TestInvoker.runConfigMethods(TestInvoker.java:833)
	at org.testng.internal.invokers.TestInvoker.invokeMethod(TestInvoker.java:600)
	at org.testng.internal.invokers.TestInvoker.invokeTestMethod(TestInvoker.java:230)
	at org.testng.internal.invokers.MethodRunner.runInSequence(MethodRunner.java:63)
	at org.testng.internal.invokers.TestInvoker$MethodInvocationAgent.invoke(TestInvoker.java:992)
	at org.testng.internal.invokers.TestInvoker.invokeTestMethods(TestInvoker.java:203)
	at org.testng.internal.invokers.TestMethodWorker.invokeTestMethods(TestMethodWorker.java:154)
	at org.testng.internal.invokers.TestMethodWorker.run(TestMethodWorker.java:134)
	at java.base/java.util.ArrayList.forEach(ArrayList.java:1597)
	at org.testng.TestRunner.privateRun(TestRunner.java:739)
	at org.testng.TestRunner.run(TestRunner.java:614)
	at org.testng.SuiteRunner.runTest(SuiteRunner.java:421)
	at org.testng.SuiteRunner.runSequentially(SuiteRunner.java:413)
	at org.testng.SuiteRunner.privateRun(SuiteRunner.java:373)
	at org.testng.SuiteRunner.run(SuiteRunner.java:312)
	at org.testng.SuiteRunnerWorker.runSuite(SuiteRunnerWorker.java:52)
	at org.testng.SuiteRunnerWorker.run(SuiteRunnerWorker.java:95)
	at org.testng.TestNG.runSuitesSequentially(TestNG.java:1274)
	at org.testng.TestNG.runSuitesLocally(TestNG.java:1208)
	at org.testng.TestNG.runSuites(TestNG.java:1112)
	at org.testng.TestNG.run(TestNG.java:1079)
	at org.apache.maven.surefire.testng.TestNGExecutor.run(TestNGExecutor.java:135)
	at org.apache.maven.surefire.testng.TestNGDirectoryTestSuite.executeMulti(TestNGDirectoryTestSuite.java:193)
	at org.apache.maven.surefire.testng.TestNGDirectoryTestSuite.execute(TestNGDirectoryTestSuite.java:94)
	at org.apache.maven.surefire.testng.TestNGProvider.invoke(TestNGProvider.java:146)
	at org.apache.maven.surefire.booter.ForkedBooter.invokeProviderInSameClassLoader(ForkedBooter.java:383)
	at org.apache.maven.surefire.booter.ForkedBooter.runSuitesInProcess(ForkedBooter.java:344)
	at org.apache.maven.surefire.booter.ForkedBooter.execute(ForkedBooter.java:125)
	at org.apache.maven.surefire.booter.ForkedBooter.main(ForkedBooter.java:417)
Caused by: java.lang.ClassNotFoundException: com.testrigor.selfhealingselenium.infrastructure.adapters.TestrigorAdapter
	at java.base/jdk.internal.loader.BuiltinClassLoader.loadClass(BuiltinClassLoader.java:641)
	at java.base/jdk.internal.loader.ClassLoaders$AppClassLoader.loadClass(ClassLoaders.java:188)
	at java.base/java.lang.ClassLoader.loadClass(ClassLoader.java:528)
	... 39 more
</pre></div></td>
<td>0</td>
<td>selfhealinglocators.Tests@65d6b83b</td></tr>
<tr>
<td title='selfhealinglocators.Tests.FormTest()'><b>FormTest</b><br>Test class: selfhealinglocators.Tests<br>Parameters: https://juanfonsecagl.github.io/SelfHealingLocatorsDemo/demo-site/form-button-label3.html, //input[@placeholder='Message'], //button[@id='changer'], broken</td>
<td><div><pre>java.lang.NoClassDefFoundError: com/testrigor/selfhealingselenium/infrastructure/adapters/TestrigorAdapter
	at com.testrigor.selfhealingselenium.TestRigor.create(TestRigor.java:18)
	at com.testrigor.selfhealingselenium.TestRigor.selfHeal(TestRigor.java:14)
	at selfhealinglocators.DriverManager.GetWebDriver(DriverManager.java:37)
	at selfhealinglocators.Tests.setUp(Tests.java:23)
	at java.base/java.util.ArrayList.forEach(ArrayList.java:1597)
Caused by: java.lang.ClassNotFoundException: com.testrigor.selfhealingselenium.infrastructure.adapters.TestrigorAdapter
	at java.base/jdk.internal.loader.BuiltinClassLoader.loadClass(BuiltinClassLoader.java:641)
	at java.base/jdk.internal.loader.ClassLoaders$AppClassLoader.loadClass(ClassLoaders.java:188)
	at java.base/java.lang.ClassLoader.loadClass(ClassLoader.java:528)
	... 39 more
... Removed 34 stack frames</pre></div><a href='#' onClick='toggleBox("stack-trace1479140596", this, "Click to show all stack frames", "Click to hide stack frames")'>Click to show all stack frames</a>
<div class='stack-trace' id='stack-trace1479140596'><pre>java.lang.NoClassDefFoundError: com/testrigor/selfhealingselenium/infrastructure/adapters/TestrigorAdapter
	at com.testrigor.selfhealingselenium.TestRigor.create(TestRigor.java:18)
	at com.testrigor.selfhealingselenium.TestRigor.selfHeal(TestRigor.java:14)
	at selfhealinglocators.DriverManager.GetWebDriver(DriverManager.java:37)
	at selfhealinglocators.Tests.setUp(Tests.java:23)
	at java.base/jdk.internal.reflect.DirectMethodHandleAccessor.invoke(DirectMethodHandleAccessor.java:103)
	at java.base/java.lang.reflect.Method.invoke(Method.java:580)
	at org.testng.internal.invokers.MethodInvocationHelper.invokeMethod(MethodInvocationHelper.java:141)
	at org.testng.internal.invokers.MethodInvocationHelper.invokeMethodConsideringTimeout(MethodInvocationHelper.java:71)
	at org.testng.internal.invokers.ConfigInvoker.invokeConfigurationMethod(ConfigInvoker.java:400)
	at org.testng.internal.invokers.ConfigInvoker.invokeConfigurations(ConfigInvoker.java:333)
	at org.testng.internal.invokers.TestInvoker.runConfigMethods(TestInvoker.java:833)
	at org.testng.internal.invokers.TestInvoker.invokeMethod(TestInvoker.java:600)
	at org.testng.internal.invokers.TestInvoker.invokeTestMethod(TestInvoker.java:230)
	at org.testng.internal.invokers.MethodRunner.runInSequence(MethodRunner.java:63)
	at org.testng.internal.invokers.TestInvoker$MethodInvocationAgent.invoke(TestInvoker.java:992)
	at org.testng.internal.invokers.TestInvoker.invokeTestMethods(TestInvoker.java:203)
	at org.testng.internal.invokers.TestMethodWorker.invokeTestMethods(TestMethodWorker.java:154)
	at org.testng.internal.invokers.TestMethodWorker.run(TestMethodWorker.java:134)
	at java.base/java.util.ArrayList.forEach(ArrayList.java:1597)
	at org.testng.TestRunner.privateRun(TestRunner.java:739)
	at org.testng.TestRunner.run(TestRunner.java:614)
	at org.testng.SuiteRunner.runTest(SuiteRunner.java:421)
	at org.testng.SuiteRunner.runSequentially(SuiteRunner.java:413)
	at org.testng.SuiteRunner.privateRun(SuiteRunner.java:373)
	at org.testng.SuiteRunner.run(SuiteRunner.java:312)
	at org.testng.SuiteRunnerWorker.runSuite(SuiteRunnerWorker.java:52)
	at org.testng.SuiteRunnerWorker.run(SuiteRunnerWorker.java:95)
	at org.testng.TestNG.runSuitesSequentially(TestNG.java:1274)
	at org.testng.TestNG.runSuitesLocally(TestNG.java:1208)
	at org.testng.TestNG.runSuites(TestNG.java:1112)
	at org.testng.TestNG.run(TestNG.java:1079)
	at org.apache.maven.surefire.testng.TestNGExecutor.run(TestNGExecutor.java:135)
	at org.apache.maven.surefire.testng.TestNGDirectoryTestSuite.executeMulti(TestNGDirectoryTestSuite.java:193)
	at org.apache.maven.surefire.testng.TestNGDirectoryTestSuite.execute(TestNGDirectoryTestSuite.java:94)
	at org.apache.maven.surefire.testng.TestNGProvider.invoke(TestNGProvider.java:146)
	at org.apache.maven.surefire.booter.ForkedBooter.invokeProviderInSameClassLoader(ForkedBooter.java:383)
	at org.apache.maven.surefire.booter.ForkedBooter.runSuitesInProcess(ForkedBooter.java:344)
	at org.apache.maven.surefire.booter.ForkedBooter.execute(ForkedBooter.java:125)
	at org.apache.maven.surefire.booter.ForkedBooter.main(ForkedBooter.java:417)
Caused by: java.lang.ClassNotFoundException: com.testrigor.selfhealingselenium.infrastructure.adapters.TestrigorAdapter
	at java.base/jdk.internal.loader.BuiltinClassLoader.loadClass(BuiltinClassLoader.java:641)
	at java.base/jdk.internal.loader.ClassLoaders$AppClassLoader.loadClass(ClassLoaders.java:188)
	at java.base/java.lang.ClassLoader.loadClass(ClassLoader.java:528)
	... 39 more
</pre></div></td>
<td>0</td>
<td>selfhealinglocators.Tests@65d6b83b</td></tr>
<tr>
<td title='selfhealinglocators.Tests.FormTest()'><b>FormTest</b><br>Test class: selfhealinglocators.Tests<br>Parameters: https://juanfonsecagl.github.io/SelfHealingLocatorsDemo/demo-site/form-button-label.html, //input[@placeholder='Message'], //button[@id='changer'], correct</td>
<td><div><pre>java.lang.NoClassDefFoundError: com/testrigor/selfhealingselenium/infrastructure/adapters/TestrigorAdapter
	at com.testrigor.selfhealingselenium.TestRigor.create(TestRigor.java:18)
	at com.testrigor.selfhealingselenium.TestRigor.selfHeal(TestRigor.java:14)
	at selfhealinglocators.DriverManager.GetWebDriver(DriverManager.java:37)
	at selfhealinglocators.Tests.setUp(Tests.java:23)
	at java.base/java.util.ArrayList.forEach(ArrayList.java:1597)
Caused by: java.lang.ClassNotFoundException: com.testrigor.selfhealingselenium.infrastructure.adapters.TestrigorAdapter
	at java.base/jdk.internal.loader.BuiltinClassLoader.loadClass(BuiltinClassLoader.java:641)
	at java.base/jdk.internal.loader.ClassLoaders$AppClassLoader.loadClass(ClassLoaders.java:188)
	at java.base/java.lang.ClassLoader.loadClass(ClassLoader.java:528)
	... 39 more
... Removed 34 stack frames</pre></div><a href='#' onClick='toggleBox("stack-trace50503805", this, "Click to show all stack frames", "Click to hide stack frames")'>Click to show all stack frames</a>
<div class='stack-trace' id='stack-trace50503805'><pre>java.lang.NoClassDefFoundError: com/testrigor/selfhealingselenium/infrastructure/adapters/TestrigorAdapter
	at com.testrigor.selfhealingselenium.TestRigor.create(TestRigor.java:18)
	at com.testrigor.selfhealingselenium.TestRigor.selfHeal(TestRigor.java:14)
	at selfhealinglocators.DriverManager.GetWebDriver(DriverManager.java:37)
	at selfhealinglocators.Tests.setUp(Tests.java:23)
	at java.base/jdk.internal.reflect.DirectMethodHandleAccessor.invoke(DirectMethodHandleAccessor.java:103)
	at java.base/java.lang.reflect.Method.invoke(Method.java:580)
	at org.testng.internal.invokers.MethodInvocationHelper.invokeMethod(MethodInvocationHelper.java:141)
	at org.testng.internal.invokers.MethodInvocationHelper.invokeMethodConsideringTimeout(MethodInvocationHelper.java:71)
	at org.testng.internal.invokers.ConfigInvoker.invokeConfigurationMethod(ConfigInvoker.java:400)
	at org.testng.internal.invokers.ConfigInvoker.invokeConfigurations(ConfigInvoker.java:333)
	at org.testng.internal.invokers.TestInvoker.runConfigMethods(TestInvoker.java:833)
	at org.testng.internal.invokers.TestInvoker.invokeMethod(TestInvoker.java:600)
	at org.testng.internal.invokers.TestInvoker.invokeTestMethod(TestInvoker.java:230)
	at org.testng.internal.invokers.MethodRunner.runInSequence(MethodRunner.java:63)
	at org.testng.internal.invokers.TestInvoker$MethodInvocationAgent.invoke(TestInvoker.java:992)
	at org.testng.internal.invokers.TestInvoker.invokeTestMethods(TestInvoker.java:203)
	at org.testng.internal.invokers.TestMethodWorker.invokeTestMethods(TestMethodWorker.java:154)
	at org.testng.internal.invokers.TestMethodWorker.run(TestMethodWorker.java:134)
	at java.base/java.util.ArrayList.forEach(ArrayList.java:1597)
	at org.testng.TestRunner.privateRun(TestRunner.java:739)
	at org.testng.TestRunner.run(TestRunner.java:614)
	at org.testng.SuiteRunner.runTest(SuiteRunner.java:421)
	at org.testng.SuiteRunner.runSequentially(SuiteRunner.java:413)
	at org.testng.SuiteRunner.privateRun(SuiteRunner.java:373)
	at org.testng.SuiteRunner.run(SuiteRunner.java:312)
	at org.testng.SuiteRunnerWorker.runSuite(SuiteRunnerWorker.java:52)
	at org.testng.SuiteRunnerWorker.run(SuiteRunnerWorker.java:95)
	at org.testng.TestNG.runSuitesSequentially(TestNG.java:1274)
	at org.testng.TestNG.runSuitesLocally(TestNG.java:1208)
	at org.testng.TestNG.runSuites(TestNG.java:1112)
	at org.testng.TestNG.run(TestNG.java:1079)
	at org.apache.maven.surefire.testng.TestNGExecutor.run(TestNGExecutor.java:135)
	at org.apache.maven.surefire.testng.TestNGDirectoryTestSuite.executeMulti(TestNGDirectoryTestSuite.java:193)
	at org.apache.maven.surefire.testng.TestNGDirectoryTestSuite.execute(TestNGDirectoryTestSuite.java:94)
	at org.apache.maven.surefire.testng.TestNGProvider.invoke(TestNGProvider.java:146)
	at org.apache.maven.surefire.booter.ForkedBooter.invokeProviderInSameClassLoader(ForkedBooter.java:383)
	at org.apache.maven.surefire.booter.ForkedBooter.runSuitesInProcess(ForkedBooter.java:344)
	at org.apache.maven.surefire.booter.ForkedBooter.execute(ForkedBooter.java:125)
	at org.apache.maven.surefire.booter.ForkedBooter.main(ForkedBooter.java:417)
Caused by: java.lang.ClassNotFoundException: com.testrigor.selfhealingselenium.infrastructure.adapters.TestrigorAdapter
	at java.base/jdk.internal.loader.BuiltinClassLoader.loadClass(BuiltinClassLoader.java:641)
	at java.base/jdk.internal.loader.ClassLoaders$AppClassLoader.loadClass(ClassLoaders.java:188)
	at java.base/java.lang.ClassLoader.loadClass(ClassLoader.java:528)
	... 39 more
</pre></div></td>
<td>0</td>
<td>selfhealinglocators.Tests@65d6b83b</td></tr>
</table><p>
</body>
</html>